# JRE version: Java(TM) SE Runtime Environment (13.0.1+9) (build 13.0.1+9)
# Java VM: Java HotSpot(TM) 64-Bit Server VM (13.0.1+9, mixed mode, sharing, tiered, compressed oops, g1 gc, windows-amd64)
Heap:
 garbage-first heap   total 124928K, used 97534K [0x0000000720000000, 0x0000000800000000)
  region size 1024K, 29 young (29696K), 5 survivors (5120K)
 Metaspace       used 59412K, capacity 61725K, committed 62080K, reserved 1101824K
  class space    used 7995K, capacity 8962K, committed 9088K, reserved 1048576K
GC Heap History (20 events):
Event: 14431.387 GC heap after
{Heap after GC invocations=856 (full 9):
 garbage-first heap   total 124928K, used 68991K [0x0000000720000000, 0x0000000800000000)
  region size 1024K, 2 young (2048K), 2 survivors (2048K)
 Metaspace       used 59401K, capacity 61707K, committed 61952K, reserved 1101824K
  class space    used 7993K, capacity 8958K, committed 8960K, reserved 1048576K
}
Event: 14437.021 GC heap before
{Heap before GC invocations=856 (full 9):
 garbage-first heap   total 124928K, used 105855K [0x0000000720000000, 0x0000000800000000)
  region size 1024K, 38 young (38912K), 2 survivors (2048K)
 Metaspace       used 59401K, capacity 61707K, committed 61952K, reserved 1101824K
  class space    used 7993K, capacity 8958K, committed 8960K, reserved 1048576K
}
Event: 14437.023 GC heap after
{Heap after GC invocations=857 (full 9):
 garbage-first heap   total 124928K, used 69055K [0x0000000720000000, 0x0000000800000000)
  region size 1024K, 2 young (2048K), 2 survivors (2048K)
 Metaspace       used 59401K, capacity 61707K, committed 61952K, reserved 1101824K
  class space    used 7993K, capacity 8958K, committed 8960K, reserved 1048576K
}
Event: 14442.455 GC heap before
{Heap before GC invocations=857 (full 9):
 garbage-first heap   total 124928K, used 105919K [0x0000000720000000, 0x0000000800000000)
  region size 1024K, 38 young (38912K), 2 survivors (2048K)
 Metaspace       used 59401K, capacity 61707K, committed 61952K, reserved 1101824K
  class space    used 7993K, capacity 8958K, committed 8960K, reserved 1048576K
}
Event: 14442.457 GC heap after
{Heap after GC invocations=858 (full 9):
 garbage-first heap   total 124928K, used 69239K [0x0000000720000000, 0x0000000800000000)
  region size 1024K, 3 young (3072K), 3 survivors (3072K)
 Metaspace       used 59401K, capacity 61707K, committed 61952K, reserved 1101824K
  class space    used 7993K, capacity 8958K, committed 8960K, reserved 1048576K
}
Event: 14448.281 GC heap before
{Heap before GC invocations=858 (full 9):
 garbage-first heap   total 124928K, used 105079K [0x0000000720000000, 0x0000000800000000)
  region size 1024K, 38 young (38912K), 3 survivors (3072K)
 Metaspace       used 59401K, capacity 61707K, committed 61952K, reserved 1101824K
  class space    used 7993K, capacity 8958K, committed 8960K, reserved 1048576K
}
Event: 14448.283 GC heap after
{Heap after GC invocations=859 (full 9):
 garbage-first heap   total 124928K, used 69743K [0x0000000720000000, 0x0000000800000000)
  region size 1024K, 3 young (3072K), 3 survivors (3072K)
 Metaspace       used 59401K, capacity 61707K, committed 61952K, reserved 1101824K
  class space    used 7993K, capacity 8958K, committed 8960K, reserved 1048576K
}
Event: 14453.611 GC heap before
{Heap before GC invocations=859 (full 9):
 garbage-first heap   total 124928K, used 104559K [0x0000000720000000, 0x0000000800000000)
  region size 1024K, 37 young (37888K), 3 survivors (3072K)
 Metaspace       used 59401K, capacity 61707K, committed 61952K, reserved 1101824K
  class space    used 7993K, capacity 8958K, committed 8960K, reserved 1048576K
}
Event: 14453.613 GC heap after
{Heap after GC invocations=860 (full 9):
 garbage-first heap   total 124928K, used 69181K [0x0000000720000000, 0x0000000800000000)
  region size 1024K, 3 young (3072K), 3 survivors (3072K)
 Metaspace       used 59401K, capacity 61707K, committed 61952K, reserved 1101824K
  class space    used 7993K, capacity 8958K, committed 8960K, reserved 1048576K
}
Event: 14459.071 GC heap before
{Heap before GC invocations=860 (full 9):
 garbage-first heap   total 124928K, used 105021K [0x0000000720000000, 0x0000000800000000)
  region size 1024K, 38 young (38912K), 3 survivors (3072K)
 Metaspace       used 59401K, capacity 61707K, committed 61952K, reserved 1101824K
  class space    used 7993K, capacity 8958K, committed 8960K, reserved 1048576K
}
Event: 14459.073 GC heap after
{Heap after GC invocations=861 (full 9):
 garbage-first heap   total 124928K, used 69671K [0x0000000720000000, 0x0000000800000000)
  region size 1024K, 3 young (3072K), 3 survivors (3072K)
 Metaspace       used 59401K, capacity 61707K, committed 61952K, reserved 1101824K
  class space    used 7993K, capacity 8958K, committed 8960K, reserved 1048576K
}
Event: 14463.938 GC heap before
{Heap before GC invocations=861 (full 9):
 garbage-first heap   total 124928K, used 104487K [0x0000000720000000, 0x0000000800000000)
  region size 1024K, 37 young (37888K), 3 survivors (3072K)
 Metaspace       used 59401K, capacity 61707K, committed 61952K, reserved 1101824K
  class space    used 7993K, capacity 8958K, committed 8960K, reserved 1048576K
}
Event: 14463.940 GC heap after
{Heap after GC invocations=862 (full 9):
 garbage-first heap   total 124928K, used 69413K [0x0000000720000000, 0x0000000800000000)
  region size 1024K, 3 young (3072K), 3 survivors (3072K)
 Metaspace       used 59401K, capacity 61707K, committed 61952K, reserved 1101824K
  class space    used 7993K, capacity 8958K, committed 8960K, reserved 1048576K
}
Event: 14468.635 GC heap before
{Heap before GC invocations=862 (full 9):
 garbage-first heap   total 124928K, used 104229K [0x0000000720000000, 0x0000000800000000)
  region size 1024K, 37 young (37888K), 3 survivors (3072K)
 Metaspace       used 59401K, capacity 61707K, committed 61952K, reserved 1101824K
  class space    used 7993K, capacity 8958K, committed 8960K, reserved 1048576K
}
Event: 14468.637 GC heap after
{Heap after GC invocations=863 (full 9):
 garbage-first heap   total 124928K, used 68916K [0x0000000720000000, 0x0000000800000000)
  region size 1024K, 2 young (2048K), 2 survivors (2048K)
 Metaspace       used 59401K, capacity 61707K, committed 61952K, reserved 1101824K
  class space    used 7993K, capacity 8958K, committed 8960K, reserved 1048576K
}
Event: 14473.779 GC heap before
{Heap before GC invocations=863 (full 9):
 garbage-first heap   total 124928K, used 105780K [0x0000000720000000, 0x0000000800000000)
  region size 1024K, 38 young (38912K), 2 survivors (2048K)
 Metaspace       used 59401K, capacity 61707K, committed 61952K, reserved 1101824K
  class space    used 7993K, capacity 8958K, committed 8960K, reserved 1048576K
}
Event: 14473.781 GC heap after
{Heap after GC invocations=864 (full 9):
 garbage-first heap   total 124928K, used 68928K [0x0000000720000000, 0x0000000800000000)
  region size 1024K, 2 young (2048K), 2 survivors (2048K)
 Metaspace       used 59401K, capacity 61707K, committed 61952K, reserved 1101824K
  class space    used 7993K, capacity 8958K, committed 8960K, reserved 1048576K
}
Event: 14481.379 GC heap before
{Heap before GC invocations=864 (full 9):
 garbage-first heap   total 124928K, used 105792K [0x0000000720000000, 0x0000000800000000)
  region size 1024K, 38 young (38912K), 2 survivors (2048K)
 Metaspace       used 59405K, capacity 61713K, committed 61952K, reserved 1101824K
  class space    used 7994K, capacity 8959K, committed 8960K, reserved 1048576K
}
Event: 14481.385 GC heap after
{Heap after GC invocations=865 (full 9):
 garbage-first heap   total 124928K, used 72958K [0x0000000720000000, 0x0000000800000000)
  region size 1024K, 5 young (5120K), 5 survivors (5120K)
 Metaspace       used 59405K, capacity 61713K, committed 61952K, reserved 1101824K
  class space    used 7994K, capacity 8959K, committed 8960K, reserved 1048576K
}
Event: 14484.771 GC heap before
{Heap before GC invocations=865 (full 9):
 garbage-first heap   total 124928K, used 96510K [0x0000000720000000, 0x0000000800000000)
  region size 1024K, 29 young (29696K), 5 survivors (5120K)
 Metaspace       used 59412K, capacity 61725K, committed 62080K, reserved 1101824K
  class space    used 7995K, capacity 8962K, committed 9088K, reserved 1048576K
}

